<?xml version="1.0" encoding="UTF-8"?>
<!-- Generated by org.testng.reporters.JUnitReportReporter -->
<testsuite skipped="0" hostname="swati-X555LD" name="testcase01.Hotel_search1" tests="10" failures="0" timestamp="01 Oct 2020 05:34:32 GMT" time="103.519" errors="0">
  <testcase name="test" time="7.175" classname="testcase01.Hotel_search1"/>
  <testcase name="test" time="5.547" classname="testcase01.Hotel_search1"/>
  <testcase name="From" time="16.515" classname="testcase01.Hotel_search1"/>
  <testcase name="From" time="12.050" classname="testcase01.Hotel_search1"/>
  <testcase name="Date" time="14.153" classname="testcase01.Hotel_search1"/>
  <testcase name="Date" time="14.648" classname="testcase01.Hotel_search1"/>
  <testcase name="Search" time="12.520" classname="testcase01.Hotel_search1"/>
  <testcase name="Search" time="11.907" classname="testcase01.Hotel_search1"/>
  <testcase name="Flights" time="4.465" classname="testcase01.Hotel_search1"/>
  <testcase name="Flights" time="4.539" classname="testcase01.Hotel_search1"/>
</testsuite> <!-- testcase01.Hotel_search1 -->
