<?xml version="1.0" encoding="UTF-8"?>
<!-- Generated by org.testng.reporters.JUnitReportReporter -->
<testsuite skipped="0" hostname="swati-X555LD" name="testcase01.CatSearch" tests="2" failures="0" timestamp="02 Nov 2020 05:20:07 GMT" time="24.904" errors="0">
  <testcase name="test" time="13.418" classname="testcase01.CatSearch"/>
  <testcase name="From" time="11.486" classname="testcase01.CatSearch"/>
</testsuite> <!-- testcase01.CatSearch -->
