<?xml version="1.0" encoding="UTF-8"?>
<!-- Generated by org.testng.reporters.JUnitReportReporter -->
<testsuite skipped="0" hostname="swati-X555LD" name="testcase01.Flightsearch" tests="6" failures="0" timestamp="01 Oct 2020 05:55:33 GMT" time="34.638" errors="0">
  <testcase name="test" time="12.862" classname="testcase01.Flightsearch"/>
  <testcase name="From" time="4.239" classname="testcase01.Flightsearch"/>
  <testcase name="To" time="4.269" classname="testcase01.Flightsearch"/>
  <testcase name="Date" time="7.621" classname="testcase01.Flightsearch"/>
  <testcase name="Search" time="5.396" classname="testcase01.Flightsearch"/>
  <testcase name="Flights" time="0.251" classname="testcase01.Flightsearch"/>
</testsuite> <!-- testcase01.Flightsearch -->
