<?xml version="1.0" encoding="UTF-8"?>
<!-- Generated by org.testng.reporters.JUnitReportReporter -->
<testsuite skipped="0" hostname="swati-X555LD" name="testcase.Flightsearch" tests="12" failures="0" timestamp="01 Oct 2020 05:58:39 GMT" time="115.012" errors="0">
  <testcase name="test" time="31.034" classname="testcase.Flightsearch"/>
  <testcase name="test" time="5.848" classname="testcase.Flightsearch"/>
  <testcase name="failcond" time="6.565" classname="testcase.Flightsearch"/>
  <testcase name="failcond" time="7.014" classname="testcase.Flightsearch"/>
  <testcase name="From" time="8.462" classname="testcase.Flightsearch"/>
  <testcase name="From" time="8.447" classname="testcase.Flightsearch"/>
  <testcase name="Date" time="11.220" classname="testcase.Flightsearch"/>
  <testcase name="Date" time="12.933" classname="testcase.Flightsearch"/>
  <testcase name="Search" time="11.749" classname="testcase.Flightsearch"/>
  <testcase name="Search" time="11.092" classname="testcase.Flightsearch"/>
  <testcase name="Flights" time="0.265" classname="testcase.Flightsearch"/>
  <testcase name="Flights" time="0.383" classname="testcase.Flightsearch"/>
</testsuite> <!-- testcase.Flightsearch -->
