<?xml version="1.0" encoding="UTF-8"?>
<!-- Generated by org.testng.reporters.JUnitReportReporter -->
<testsuite skipped="0" hostname="swati-X555LD" name="testcase.Testcase01" tests="5" failures="0" timestamp="21 Sep 2020 10:38:50 GMT" time="21.668" errors="0">
  <testcase name="From" time="5.363" classname="testcase.Testcase01"/>
  <testcase name="To" time="4.275" classname="testcase.Testcase01"/>
  <testcase name="Date" time="5.878" classname="testcase.Testcase01"/>
  <testcase name="Search" time="5.788" classname="testcase.Testcase01"/>
  <testcase name="Flights" time="0.364" classname="testcase.Testcase01"/>
</testsuite> <!-- testcase.Testcase01 -->
