<?xml version="1.0" encoding="UTF-8"?>
<!-- Generated by org.testng.reporters.JUnitReportReporter -->
<testsuite skipped="0" hostname="swati-X555LD" name="testcase.Flightsearch" tests="12" failures="0" timestamp="21 Sep 2020 14:41:43 GMT" time="73.663" errors="0">
  <testcase name="test" time="25.263" classname="testcase.Flightsearch"/>
  <testcase name="test" time="5.870" classname="testcase.Flightsearch"/>
  <testcase name="From" time="4.328" classname="testcase.Flightsearch"/>
  <testcase name="From" time="4.341" classname="testcase.Flightsearch"/>
  <testcase name="To" time="4.308" classname="testcase.Flightsearch"/>
  <testcase name="To" time="4.213" classname="testcase.Flightsearch"/>
  <testcase name="Date" time="6.311" classname="testcase.Flightsearch"/>
  <testcase name="Date" time="7.812" classname="testcase.Flightsearch"/>
  <testcase name="Search" time="5.580" classname="testcase.Flightsearch"/>
  <testcase name="Search" time="4.972" classname="testcase.Flightsearch"/>
  <testcase name="Flights" time="0.307" classname="testcase.Flightsearch"/>
  <testcase name="Flights" time="0.358" classname="testcase.Flightsearch"/>
</testsuite> <!-- testcase.Flightsearch -->
