<?xml version="1.0" encoding="UTF-8"?>
<!-- Generated by org.testng.reporters.JUnitReportReporter -->
<testsuite skipped="0" hostname="swati-X555LD" name="TestCase.HotelsearchTestcase01" tests="1" failures="0" timestamp="18 Sep 2020 12:12:56 GMT" time="0.485" errors="0">
  <testcase name="From" time="0.485" classname="TestCase.HotelsearchTestcase01"/>
</testsuite> <!-- TestCase.HotelsearchTestcase01 -->
